
> institute-management-frontend@1.0.0 start
> ng serve


Initial chunk files                                                                             | Names                                                       |  Raw size
vendor.js                                                                                       | vendor                                                      |   3.80 MB | 
polyfills.js                                                                                    | polyfills                                                   | 262.60 kB | 
styles.css, styles.js                                                                           | styles                                                      | 254.71 kB | 
main.js                                                                                         | main                                                        |  96.54 kB | 
runtime.js                                                                                      | runtime                                                     |  12.67 kB | 

                                                                                                | Initial total                                               |   4.42 MB

Lazy chunk files                                                                                | Names                                                       |  Raw size
default-node_modules_angular_material_fesm2022_input_mjs.js                                     | components-courses-course-form-course-form-component        | 535.83 kB | 
default-src_app_services_student_service_ts-node_modules_angular_material_fesm2022_table_mjs.js | components-students-manage-student-manage-student-component | 201.01 kB | 
src_app_components_students_manage-student_manage-student_component_ts.js                       | components-students-manage-student-manage-student-component |  97.73 kB | 
src_app_components_courses_course-form_course-form_component_ts.js                              | components-courses-course-form-course-form-component        |  95.93 kB | 
src_app_components_messages_message-list_message-list_component_ts.js                           | components-messages-message-list-message-list-component     |  91.43 kB | 
default-node_modules_angular_material_fesm2022_select_mjs.js                                    | components-courses-course-form-course-form-component        |  84.53 kB | 
src_app_components_dashboard_dashboard_component_ts.js                                          | components-dashboard-dashboard-component                    |  83.42 kB | 
src_app_components_students_student-list_student-list_component_ts.js                           | components-students-student-list-student-list-component     |  68.22 kB | 
src_app_components_public_homepage_homepage_component_ts.js                                     | components-public-homepage-homepage-component               |  66.45 kB | 
src_app_components_public_about_about_component_ts.js                                           | components-public-about-about-component                     |  59.96 kB | 
default-node_modules_angular_material_fesm2022_snack-bar_mjs.js                                 | components-public-homepage-homepage-component               |  50.87 kB | 
default-node_modules_angular_material_fesm2022_card_mjs.js                                      | components-public-homepage-homepage-component               |  36.83 kB | 
src_app_components_courses_course-list_course-list_component_ts.js                              | components-courses-course-list-course-list-component        |  34.80 kB | 
default-node_modules_angular_material_fesm2022_progress-spinner_mjs.js                          | components-dashboard-dashboard-component                    |  32.37 kB | 
src_app_components_public_contact-form_contact-form_component_ts.js                             | components-public-contact-form-contact-form-component       |  30.32 kB | 
src_app_components_reports_reports_component_ts.js                                              | components-reports-reports-component                        |  18.82 kB | 
src_app_components_auth_admin-login_component_ts.js                                             | components-auth-admin-login-component                       |  15.91 kB | 
common.js                                                                                       | common                                                      |   3.83 kB | 

Build at: 2026-07-01T20:13:45.932Z - Hash: 87d7a9d35bbe4680 - Time: 8561ms

** Angular Live Development Server is listening on localhost:4200, open your browser on http://localhost:4200/ **


√ Compiled successfully.

Initial chunk files                                                | Names                                                | Raw size
main.js                                                            | main                                                 | 97.12 kB | 
runtime.js                                                         | runtime                                              | 12.67 kB | 

Lazy chunk files                                                   | Names                                                | Raw size
src_app_components_courses_course-list_course-list_component_ts.js | components-courses-course-list-course-list-component | 34.80 kB | 
common.js                                                          | common                                               |  4.25 kB | 

19 unchanged chunks

Build at: 2026-07-01T20:41:33.494Z - Hash: 781933d0cb50469d - Time: 4801ms

× Failed to compile.

Initial chunk files                                                | Names                                                | Raw size
main.js                                                            | main                                                 | 97.12 kB | 
runtime.js                                                         | runtime                                              | 12.67 kB | 

Lazy chunk files                                                   | Names                                                | Raw size
src_app_components_courses_course-list_course-list_component_ts.js | components-courses-course-list-course-list-component | 34.85 kB | 

20 unchanged chunks

Build at: 2026-07-01T20:41:57.828Z - Hash: 6d35ffdcac8656a2 - Time: 1288ms

× Failed to compile.

Initial chunk files                                                      | Names                                                      | Raw size
main.js                                                                  | main                                                       | 97.16 kB | 
runtime.js                                                               | runtime                                                    | 14.17 kB | 

Lazy chunk files                                                         | Names                                                      | Raw size
src_app_components_courses_course-details_course-details_component_ts.js | components-courses-course-details-course-details-component |  1.02 kB | 

21 unchanged chunks

Build at: 2026-07-01T20:42:58.897Z - Hash: 0291425c3b72f02f - Time: 487ms

× Failed to compile.

Initial chunk files                                                        | Names                                                        | Raw size
main.js                                                                    | main                                                         | 97.20 kB | 
runtime.js                                                                 | runtime                                                      | 14.17 kB | 

Lazy chunk files                                                           | Names                                                        | Raw size
src_app_components_courses_learning-course_learning-course_component_ts.js | components-courses-learning-course-learning-course-component |  1.03 kB | 

22 unchanged chunks

Build at: 2026-07-01T20:44:02.525Z - Hash: 8cb3348baf034a22 - Time: 559ms

× Failed to compile.

Initial chunk files                                                        | Names                                                        | Raw size
main.js                                                                    | main                                                         | 97.82 kB | 
runtime.js                                                                 | runtime                                                      | 12.67 kB | 

Lazy chunk files                                                           | Names                                                        | Raw size
src_app_components_public_homepage_homepage_component_ts.js                | components-public-homepage-homepage-component                | 66.22 kB | 
src_app_components_courses_course-details_course-details_component_ts.js   | components-courses-course-details-course-details-component   | 38.30 kB | 
src_app_components_courses_learning-course_learning-course_component_ts.js | components-courses-learning-course-learning-course-component | 34.11 kB | 

20 unchanged chunks

Build at: 2026-07-01T20:44:28.886Z - Hash: e31794c19ce32576 - Time: 2216ms

√ Compiled successfully.

Initial chunk files                                                        | Names                                                        | Raw size
runtime.js                                                                 | runtime                                                      | 12.67 kB | 

Lazy chunk files                                                           | Names                                                        | Raw size
src_app_components_courses_learning-course_learning-course_component_ts.js | components-courses-learning-course-learning-course-component | 34.12 kB | 

23 unchanged chunks

Build at: 2026-07-01T20:45:27.675Z - Hash: 7d70c40763fe789a - Time: 1530ms

√ Compiled successfully.

Initial chunk files                                                      | Names                                                      | Raw size
runtime.js                                                               | runtime                                                    | 12.67 kB | 

Lazy chunk files                                                         | Names                                                      | Raw size
src_app_components_courses_course-details_course-details_component_ts.js | components-courses-course-details-course-details-component | 41.96 kB | 

23 unchanged chunks

Build at: 2026-07-01T21:05:10.458Z - Hash: 87d29e51d55a7f91 - Time: 2285ms

√ Compiled successfully.

Initial chunk files                                                | Names                                                | Raw size
runtime.js                                                         | runtime                                              | 12.67 kB | 

Lazy chunk files                                                   | Names                                                | Raw size
src_app_components_courses_course-list_course-list_component_ts.js | components-courses-course-list-course-list-component | 38.88 kB | 

23 unchanged chunks

Build at: 2026-07-01T21:05:23.576Z - Hash: c0e82bea16997bc3 - Time: 1755ms

√ Compiled successfully.

Initial chunk files                                         | Names                                         | Raw size
runtime.js                                                  | runtime                                       | 12.67 kB | 

Lazy chunk files                                            | Names                                         | Raw size
src_app_components_public_homepage_homepage_component_ts.js | components-public-homepage-homepage-component | 70.22 kB | 

23 unchanged chunks

Build at: 2026-07-01T21:05:42.674Z - Hash: fda0db045d70ad3f - Time: 1708ms

√ Compiled successfully.

Initial chunk files                                                | Names                                                | Raw size
runtime.js                                                         | runtime                                              | 12.67 kB | 

Lazy chunk files                                                   | Names                                                | Raw size
src_app_components_courses_course-form_course-form_component_ts.js | components-courses-course-form-course-form-component | 98.78 kB | 

23 unchanged chunks

Build at: 2026-07-01T21:06:11.020Z - Hash: 2ffa29b119d10756 - Time: 2924ms

√ Compiled successfully.
