[baseline-browser-mapping] The data in this module is over two months old.  To ensure accurate Baseline data, please update: `npm i baseline-browser-mapping@latest -D`
- Generating browser application bundles (phase: setup)...
√ Browser application bundle generation complete.
√ Browser application bundle generation complete.

./src/app/app.routes.ts:31:23-93 - Error: Module not found: Error: Can't resolve './components/courses/course-details/course-details.component' in 'C:\Users\VIRENDRA\OneDrive\Desktop\nnnnn\Institute-Management-System-main\frontend\src\app'

./src/app/app.routes.ts:34:23-95 - Error: Module not found: Error: Can't resolve './components/courses/learning-course/learning-course.component' in 'C:\Users\VIRENDRA\OneDrive\Desktop\nnnnn\Institute-Management-System-main\frontend\src\app'

Error: src/app/app.routes.ts:57:14 - error TS2307: Cannot find module './components/courses/course-details/course-details.component' or its corresponding type declarations.

57       import("./components/courses/course-details/course-details.component").then(
                ~~~~~~~~~~~~~~~~~~~~~~~~~~~~~~~~~~~~~~~~~~~~~~~~~~~~~~~~~~~~~~


Error: src/app/app.routes.ts:64:14 - error TS2307: Cannot find module './components/courses/learning-course/learning-course.component' or its corresponding type declarations.

64       import("./components/courses/learning-course/learning-course.component").then(
                ~~~~~~~~~~~~~~~~~~~~~~~~~~~~~~~~~~~~~~~~~~~~~~~~~~~~~~~~~~~~~~~~



√ Browser application bundle generation complete.

./src/app/app.routes.ts:31:23-93 - Error: Module not found: Error: Can't resolve './components/courses/course-details/course-details.component' in 'C:\Users\VIRENDRA\OneDrive\Desktop\nnnnn\Institute-Management-System-main\frontend\src\app'

./src/app/app.routes.ts:34:23-95 - Error: Module not found: Error: Can't resolve './components/courses/learning-course/learning-course.component' in 'C:\Users\VIRENDRA\OneDrive\Desktop\nnnnn\Institute-Management-System-main\frontend\src\app'

Error: src/app/app.routes.ts:57:14 - error TS2307: Cannot find module './components/courses/course-details/course-details.component' or its corresponding type declarations.

57       import("./components/courses/course-details/course-details.component").then(
                ~~~~~~~~~~~~~~~~~~~~~~~~~~~~~~~~~~~~~~~~~~~~~~~~~~~~~~~~~~~~~~


Error: src/app/app.routes.ts:64:14 - error TS2307: Cannot find module './components/courses/learning-course/learning-course.component' or its corresponding type declarations.

64       import("./components/courses/learning-course/learning-course.component").then(
                ~~~~~~~~~~~~~~~~~~~~~~~~~~~~~~~~~~~~~~~~~~~~~~~~~~~~~~~~~~~~~~~~



√ Browser application bundle generation complete.

./src/app/app.routes.ts:34:23-95 - Error: Module not found: Error: Can't resolve './components/courses/learning-course/learning-course.component' in 'C:\Users\VIRENDRA\OneDrive\Desktop\nnnnn\Institute-Management-System-main\frontend\src\app'

./src/app/components/courses/course-details/course-details.component.ts - Error: Module build failed (from ./node_modules/@ngtools/webpack/src/ivy/index.js):
Error: C:\Users\VIRENDRA\OneDrive\Desktop\nnnnn\Institute-Management-System-main\frontend\src\app\components\courses\course-details\course-details.component.ts is missing from the TypeScript compilation. Please make sure it is in your tsconfig via the 'files' or 'include' property.

Error: src/app/app.routes.ts:57:14 - error TS2307: Cannot find module './components/courses/course-details/course-details.component' or its corresponding type declarations.

57       import("./components/courses/course-details/course-details.component").then(
                ~~~~~~~~~~~~~~~~~~~~~~~~~~~~~~~~~~~~~~~~~~~~~~~~~~~~~~~~~~~~~~


Error: src/app/app.routes.ts:64:14 - error TS2307: Cannot find module './components/courses/learning-course/learning-course.component' or its corresponding type declarations.

64       import("./components/courses/learning-course/learning-course.component").then(
                ~~~~~~~~~~~~~~~~~~~~~~~~~~~~~~~~~~~~~~~~~~~~~~~~~~~~~~~~~~~~~~~~



√ Browser application bundle generation complete.

./src/app/components/courses/course-details/course-details.component.ts - Error: Module build failed (from ./node_modules/@ngtools/webpack/src/ivy/index.js):
Error: C:\Users\VIRENDRA\OneDrive\Desktop\nnnnn\Institute-Management-System-main\frontend\src\app\components\courses\course-details\course-details.component.ts is missing from the TypeScript compilation. Please make sure it is in your tsconfig via the 'files' or 'include' property.

./src/app/components/courses/learning-course/learning-course.component.ts - Error: Module build failed (from ./node_modules/@ngtools/webpack/src/ivy/index.js):
Error: C:\Users\VIRENDRA\OneDrive\Desktop\nnnnn\Institute-Management-System-main\frontend\src\app\components\courses\learning-course\learning-course.component.ts is missing from the TypeScript compilation. Please make sure it is in your tsconfig via the 'files' or 'include' property.

Error: src/app/app.routes.ts:57:14 - error TS2307: Cannot find module './components/courses/course-details/course-details.component' or its corresponding type declarations.

57       import("./components/courses/course-details/course-details.component").then(
                ~~~~~~~~~~~~~~~~~~~~~~~~~~~~~~~~~~~~~~~~~~~~~~~~~~~~~~~~~~~~~~


Error: src/app/app.routes.ts:64:14 - error TS2307: Cannot find module './components/courses/learning-course/learning-course.component' or its corresponding type declarations.

64       import("./components/courses/learning-course/learning-course.component").then(
                ~~~~~~~~~~~~~~~~~~~~~~~~~~~~~~~~~~~~~~~~~~~~~~~~~~~~~~~~~~~~~~~~



√ Browser application bundle generation complete.

./src/app/components/courses/learning-course/learning-course.component.ts-18.scss?ngResource!=!./node_modules/@ngtools/webpack/src/loaders/inline-resource.js!./src/app/components/courses/learning-course/learning-course.component.ts - Warning: Module Warning (from ./node_modules/postcss-loader/dist/cjs.js):
(33:3) from "autoprefixer" plugin: end value has mixed support, consider using flex-end instead

Code:
  align-items: end



√ Browser application bundle generation complete.
√ Browser application bundle generation complete.
√ Browser application bundle generation complete.
√ Browser application bundle generation complete.
√ Browser application bundle generation complete.
√ Browser application bundle generation complete.

Error: src/app/app.routes.ts:2:1 - error TS1185: Merge conflict marker encountered.

2 <<<<<<< HEAD
  ~~~~~~~


Error: src/app/app.routes.ts:4:1 - error TS1185: Merge conflict marker encountered.

4 =======
  ~~~~~~~


Error: src/app/app.routes.ts:5:1 - error TS1185: Merge conflict marker encountered.

5 >>>>>>> 48c8617abfac703cfee86dc386e31d8d24485172
  ~~~~~~~


Error: src/app/app.routes.ts:26:1 - error TS1185: Merge conflict marker encountered.

26 <<<<<<< HEAD
   ~~~~~~~


Error: src/app/app.routes.ts:28:1 - error TS1185: Merge conflict marker encountered.

28 =======
   ~~~~~~~


Error: src/app/app.routes.ts:29:1 - error TS1185: Merge conflict marker encountered.

29 >>>>>>> 48c8617abfac703cfee86dc386e31d8d24485172
   ~~~~~~~


Error: src/app/app.routes.ts:39:1 - error TS1185: Merge conflict marker encountered.

39 <<<<<<< HEAD
   ~~~~~~~


Error: src/app/app.routes.ts:41:1 - error TS1185: Merge conflict marker encountered.

41 =======
   ~~~~~~~


Error: src/app/app.routes.ts:42:1 - error TS1185: Merge conflict marker encountered.

42 >>>>>>> 48c8617abfac703cfee86dc386e31d8d24485172
   ~~~~~~~


Error: src/app/app.routes.ts:50:1 - error TS1185: Merge conflict marker encountered.

50 <<<<<<< HEAD
   ~~~~~~~


Error: src/app/app.routes.ts:52:1 - error TS1185: Merge conflict marker encountered.

52 =======
   ~~~~~~~


Error: src/app/app.routes.ts:53:1 - error TS1185: Merge conflict marker encountered.

53 >>>>>>> 48c8617abfac703cfee86dc386e31d8d24485172
   ~~~~~~~


Error: src/app/app.routes.ts:66:1 - error TS1185: Merge conflict marker encountered.

66 <<<<<<< HEAD
   ~~~~~~~


Error: src/app/app.routes.ts:81:1 - error TS1185: Merge conflict marker encountered.

81 =======
   ~~~~~~~


Error: src/app/app.routes.ts:82:1 - error TS1185: Merge conflict marker encountered.

82 >>>>>>> 48c8617abfac703cfee86dc386e31d8d24485172
   ~~~~~~~


Error: src/app/app.routes.ts:88:1 - error TS1185: Merge conflict marker encountered.

88 <<<<<<< HEAD
   ~~~~~~~


Error: src/app/app.routes.ts:90:1 - error TS1185: Merge conflict marker encountered.

90 =======
   ~~~~~~~


Error: src/app/app.routes.ts:91:1 - error TS1185: Merge conflict marker encountered.

91 >>>>>>> 48c8617abfac703cfee86dc386e31d8d24485172
   ~~~~~~~


Error: src/app/app.routes.ts:99:1 - error TS1185: Merge conflict marker encountered.

99 <<<<<<< HEAD
   ~~~~~~~


Error: src/app/app.routes.ts:101:1 - error TS1185: Merge conflict marker encountered.

101 =======
    ~~~~~~~


Error: src/app/app.routes.ts:102:1 - error TS1185: Merge conflict marker encountered.

102 >>>>>>> 48c8617abfac703cfee86dc386e31d8d24485172
    ~~~~~~~


Error: src/app/app.routes.ts:110:1 - error TS1185: Merge conflict marker encountered.

110 <<<<<<< HEAD
    ~~~~~~~


Error: src/app/app.routes.ts:112:1 - error TS1185: Merge conflict marker encountered.

112 =======
    ~~~~~~~


Error: src/app/app.routes.ts:113:1 - error TS1185: Merge conflict marker encountered.

113 >>>>>>> 48c8617abfac703cfee86dc386e31d8d24485172
    ~~~~~~~


Error: src/app/app.routes.ts:123:1 - error TS1185: Merge conflict marker encountered.

123 <<<<<<< HEAD
    ~~~~~~~


Error: src/app/app.routes.ts:125:1 - error TS1185: Merge conflict marker encountered.

125 =======
    ~~~~~~~


Error: src/app/app.routes.ts:126:1 - error TS1185: Merge conflict marker encountered.

126 >>>>>>> 48c8617abfac703cfee86dc386e31d8d24485172
    ~~~~~~~


Error: src/app/app.routes.ts:144:1 - error TS1185: Merge conflict marker encountered.

144 <<<<<<< HEAD
    ~~~~~~~


Error: src/app/app.routes.ts:146:1 - error TS1185: Merge conflict marker encountered.

146 =======
    ~~~~~~~


Error: src/app/app.routes.ts:147:1 - error TS1185: Merge conflict marker encountered.

147 >>>>>>> 48c8617abfac703cfee86dc386e31d8d24485172
    ~~~~~~~


Error: src/app/app.routes.ts:153:1 - error TS1185: Merge conflict marker encountered.

153 <<<<<<< HEAD
    ~~~~~~~


Error: src/app/app.routes.ts:161:1 - error TS1185: Merge conflict marker encountered.

161 =======
    ~~~~~~~


Error: src/app/app.routes.ts:162:1 - error TS1185: Merge conflict marker encountered.

162 >>>>>>> 48c8617abfac703cfee86dc386e31d8d24485172
    ~~~~~~~



√ Browser application bundle generation complete.

./src/app/components/courses/course-form/course-form.component.ts-27.scss?ngResource!=!./node_modules/@ngtools/webpack/src/loaders/inline-resource.js!./src/app/components/courses/course-form/course-form.component.ts - Error: Module build failed (from ./node_modules/sass-loader/dist/cjs.js):
expected selector.
    ╷
292 │       }
    │        ^
    ╵
  src\app\components\courses\course-form\course-form.component.ts 292:8  root stylesheet

./src/app/components/courses/course-list/course-list.component.ts-28.scss?ngResource!=!./node_modules/@ngtools/webpack/src/loaders/inline-resource.js!./src/app/components/courses/course-list/course-list.component.ts - Error: Module build failed (from ./node_modules/sass-loader/dist/cjs.js):
expected "{".
    ╷
121 │         position: relative;
    │                           ^
    ╵
  src\app\components\courses\course-list\course-list.component.ts 121:27  root stylesheet

./src/app/components/public/homepage/homepage.component.ts-26.scss?ngResource!=!./node_modules/@ngtools/webpack/src/loaders/inline-resource.js!./src/app/components/public/homepage/homepage.component.ts - Error: Module build failed (from ./node_modules/sass-loader/dist/cjs.js):
expected "{".
    ╷
356 │         position: relative;
    │                           ^
    ╵
  src\app\components\public\homepage\homepage.component.ts 356:27  root stylesheet

./src/app/components/shared/navigation/navigation.component.ts-24.scss?ngResource!=!./node_modules/@ngtools/webpack/src/loaders/inline-resource.js!./src/app/components/shared/navigation/navigation.component.ts - Error: Module build failed (from ./node_modules/sass-loader/dist/cjs.js):
expected selector.
   ╷
94 │       }
   │        ^
   ╵
  src\app\components\shared\navigation\navigation.component.ts 94:8  root stylesheet

Error: src/app/app.routes.ts:2:1 - error TS1185: Merge conflict marker encountered.

2 <<<<<<< HEAD
  ~~~~~~~


Error: src/app/app.routes.ts:4:1 - error TS1185: Merge conflict marker encountered.

4 =======
  ~~~~~~~


Error: src/app/app.routes.ts:5:1 - error TS1185: Merge conflict marker encountered.

5 >>>>>>> 48c8617abfac703cfee86dc386e31d8d24485172
  ~~~~~~~


Error: src/app/app.routes.ts:26:1 - error TS1185: Merge conflict marker encountered.

26 <<<<<<< HEAD
   ~~~~~~~


Error: src/app/app.routes.ts:28:1 - error TS1185: Merge conflict marker encountered.

28 =======
   ~~~~~~~


Error: src/app/app.routes.ts:29:1 - error TS1185: Merge conflict marker encountered.

29 >>>>>>> 48c8617abfac703cfee86dc386e31d8d24485172
   ~~~~~~~


Error: src/app/app.routes.ts:39:1 - error TS1185: Merge conflict marker encountered.

39 <<<<<<< HEAD
   ~~~~~~~


Error: src/app/app.routes.ts:41:1 - error TS1185: Merge conflict marker encountered.

41 =======
   ~~~~~~~


Error: src/app/app.routes.ts:42:1 - error TS1185: Merge conflict marker encountered.

42 >>>>>>> 48c8617abfac703cfee86dc386e31d8d24485172
   ~~~~~~~


Error: src/app/app.routes.ts:50:1 - error TS1185: Merge conflict marker encountered.

50 <<<<<<< HEAD
   ~~~~~~~


Error: src/app/app.routes.ts:52:1 - error TS1185: Merge conflict marker encountered.

52 =======
   ~~~~~~~


Error: src/app/app.routes.ts:53:1 - error TS1185: Merge conflict marker encountered.

53 >>>>>>> 48c8617abfac703cfee86dc386e31d8d24485172
   ~~~~~~~


Error: src/app/app.routes.ts:66:1 - error TS1185: Merge conflict marker encountered.

66 <<<<<<< HEAD
   ~~~~~~~


Error: src/app/app.routes.ts:81:1 - error TS1185: Merge conflict marker encountered.

81 =======
   ~~~~~~~


Error: src/app/app.routes.ts:82:1 - error TS1185: Merge conflict marker encountered.

82 >>>>>>> 48c8617abfac703cfee86dc386e31d8d24485172
   ~~~~~~~


Error: src/app/app.routes.ts:88:1 - error TS1185: Merge conflict marker encountered.

88 <<<<<<< HEAD
   ~~~~~~~


Error: src/app/app.routes.ts:90:1 - error TS1185: Merge conflict marker encountered.

90 =======
   ~~~~~~~


Error: src/app/app.routes.ts:91:1 - error TS1185: Merge conflict marker encountered.

91 >>>>>>> 48c8617abfac703cfee86dc386e31d8d24485172
   ~~~~~~~


Error: src/app/app.routes.ts:99:1 - error TS1185: Merge conflict marker encountered.

99 <<<<<<< HEAD
   ~~~~~~~


Error: src/app/app.routes.ts:101:1 - error TS1185: Merge conflict marker encountered.

101 =======
    ~~~~~~~


Error: src/app/app.routes.ts:102:1 - error TS1185: Merge conflict marker encountered.

102 >>>>>>> 48c8617abfac703cfee86dc386e31d8d24485172
    ~~~~~~~


Error: src/app/app.routes.ts:110:1 - error TS1185: Merge conflict marker encountered.

110 <<<<<<< HEAD
    ~~~~~~~


Error: src/app/app.routes.ts:112:1 - error TS1185: Merge conflict marker encountered.

112 =======
    ~~~~~~~


Error: src/app/app.routes.ts:113:1 - error TS1185: Merge conflict marker encountered.

113 >>>>>>> 48c8617abfac703cfee86dc386e31d8d24485172
    ~~~~~~~


Error: src/app/app.routes.ts:123:1 - error TS1185: Merge conflict marker encountered.

123 <<<<<<< HEAD
    ~~~~~~~


Error: src/app/app.routes.ts:125:1 - error TS1185: Merge conflict marker encountered.

125 =======
    ~~~~~~~


Error: src/app/app.routes.ts:126:1 - error TS1185: Merge conflict marker encountered.

126 >>>>>>> 48c8617abfac703cfee86dc386e31d8d24485172
    ~~~~~~~


Error: src/app/app.routes.ts:144:1 - error TS1185: Merge conflict marker encountered.

144 <<<<<<< HEAD
    ~~~~~~~


Error: src/app/app.routes.ts:146:1 - error TS1185: Merge conflict marker encountered.

146 =======
    ~~~~~~~


Error: src/app/app.routes.ts:147:1 - error TS1185: Merge conflict marker encountered.

147 >>>>>>> 48c8617abfac703cfee86dc386e31d8d24485172
    ~~~~~~~


Error: src/app/app.routes.ts:153:1 - error TS1185: Merge conflict marker encountered.

153 <<<<<<< HEAD
    ~~~~~~~


Error: src/app/app.routes.ts:161:1 - error TS1185: Merge conflict marker encountered.

161 =======
    ~~~~~~~


Error: src/app/app.routes.ts:162:1 - error TS1185: Merge conflict marker encountered.

162 >>>>>>> 48c8617abfac703cfee86dc386e31d8d24485172
    ~~~~~~~


Error: src/app/components/courses/course-form/course-form.component.ts:7:1 - error TS1185: Merge conflict marker encountered.

7 <<<<<<< HEAD
  ~~~~~~~


Error: src/app/components/courses/course-form/course-form.component.ts:10:1 - error TS1185: Merge conflict marker encountered.

10 =======
   ~~~~~~~


Error: src/app/components/courses/course-form/course-form.component.ts:11:1 - error TS1185: Merge conflict marker encountered.

11 >>>>>>> 48c8617abfac703cfee86dc386e31d8d24485172
   ~~~~~~~


Error: src/app/components/courses/course-form/course-form.component.ts:1282:1 - error TS1185: Merge conflict marker encountered.

1282 <<<<<<< HEAD
     ~~~~~~~


Error: src/app/components/courses/course-form/course-form.component.ts:1288:1 - error TS1185: Merge conflict marker encountered.

1288 =======
     ~~~~~~~


Error: src/app/components/courses/course-form/course-form.component.ts:1290:1 - error TS1185: Merge conflict marker encountered.

1290 >>>>>>> 48c8617abfac703cfee86dc386e31d8d24485172
     ~~~~~~~


Error: src/app/components/courses/course-form/course-form.component.ts:1312:1 - error TS1185: Merge conflict marker encountered.

1312 <<<<<<< HEAD
     ~~~~~~~


Error: src/app/components/courses/course-form/course-form.component.ts:1317:1 - error TS1185: Merge conflict marker encountered.

1317 =======
     ~~~~~~~


Error: src/app/components/courses/course-form/course-form.component.ts:1318:1 - error TS1185: Merge conflict marker encountered.

1318 >>>>>>> 48c8617abfac703cfee86dc386e31d8d24485172
     ~~~~~~~


Error: src/app/components/courses/course-form/course-form.component.ts:1363:1 - error TS1185: Merge conflict marker encountered.

1363 <<<<<<< HEAD
     ~~~~~~~


Error: src/app/components/courses/course-form/course-form.component.ts:1372:1 - error TS1185: Merge conflict marker encountered.

1372 =======
     ~~~~~~~


Error: src/app/components/courses/course-form/course-form.component.ts:1373:1 - error TS1185: Merge conflict marker encountered.

1373 >>>>>>> 48c8617abfac703cfee86dc386e31d8d24485172
     ~~~~~~~


Error: src/app/components/courses/course-list/course-list.component.ts:8:1 - error TS1185: Merge conflict marker encountered.

8 <<<<<<< HEAD
  ~~~~~~~


Error: src/app/components/courses/course-list/course-list.component.ts:13:1 - error TS1185: Merge conflict marker encountered.

13 =======
   ~~~~~~~


Error: src/app/components/courses/course-list/course-list.component.ts:17:1 - error TS1185: Merge conflict marker encountered.

17 >>>>>>> 48c8617abfac703cfee86dc386e31d8d24485172
   ~~~~~~~


Error: src/app/components/courses/course-list/course-list.component.ts:38:9 - error NG5002: Opening tag "button" not terminated.

38         <button
           ~~~~~~~
39 <<<<<<< HEAD
   


Error: src/app/components/courses/course-list/course-list.component.ts:50:9 - error NG5002: Unexpected closing tag "button". It may happen when the tag has already been closed by another tag. For more info see https://www.w3.org/TR/html5/syntax.html#closing-elements-that-have-implied-end-tags

50         </button>
           ~~~~~~~~~


Error: src/app/components/courses/course-list/course-list.component.ts:74:7 - error NG5002: Unexpected closing tag "div". It may happen when the tag has already been closed by another tag. For more info see https://www.w3.org/TR/html5/syntax.html#closing-elements-that-have-implied-end-tags

74       </div>
         ~~~~~~


Error: src/app/components/courses/course-list/course-list.component.ts:144:9 - error NG5002: Unexpected closing tag "mat-card". It may happen when the tag has already been closed by another tag. For more info see https://www.w3.org/TR/html5/syntax.html#closing-elements-that-have-implied-end-tags

144         </mat-card>
            ~~~~~~~~~~~


Error: src/app/components/courses/course-list/course-list.component.ts:465:1 - error TS1185: Merge conflict marker encountered.

465 <<<<<<< HEAD
    ~~~~~~~


Error: src/app/components/courses/course-list/course-list.component.ts:468:1 - error TS1185: Merge conflict marker encountered.

468 =======
    ~~~~~~~


Error: src/app/components/courses/course-list/course-list.component.ts:469:1 - error TS1185: Merge conflict marker encountered.

469 >>>>>>> 48c8617abfac703cfee86dc386e31d8d24485172
    ~~~~~~~


Error: src/app/components/courses/course-list/course-list.component.ts:509:1 - error TS1185: Merge conflict marker encountered.

509 <<<<<<< HEAD
    ~~~~~~~


Error: src/app/components/courses/course-list/course-list.component.ts:517:1 - error TS1185: Merge conflict marker encountered.

517 =======
    ~~~~~~~


Error: src/app/components/courses/course-list/course-list.component.ts:531:1 - error TS1185: Merge conflict marker encountered.

531 >>>>>>> 48c8617abfac703cfee86dc386e31d8d24485172
    ~~~~~~~


Error: src/app/components/public/contact-form/contact-form.component.ts:412:1 - error TS1185: Merge conflict marker encountered.

412 <<<<<<< HEAD
    ~~~~~~~


Error: src/app/components/public/contact-form/contact-form.component.ts:421:1 - error TS1185: Merge conflict marker encountered.

421 =======
    ~~~~~~~


Error: src/app/components/public/contact-form/contact-form.component.ts:428:1 - error TS1185: Merge conflict marker encountered.

428 >>>>>>> 48c8617abfac703cfee86dc386e31d8d24485172
    ~~~~~~~


Error: src/app/components/public/homepage/homepage.component.ts:9:1 - error TS1185: Merge conflict marker encountered.

9 <<<<<<< HEAD
  ~~~~~~~


Error: src/app/components/public/homepage/homepage.component.ts:11:1 - error TS1185: Merge conflict marker encountered.

11 =======
   ~~~~~~~


Error: src/app/components/public/homepage/homepage.component.ts:12:1 - error TS1185: Merge conflict marker encountered.

12 >>>>>>> 48c8617abfac703cfee86dc386e31d8d24485172
   ~~~~~~~


Error: src/app/components/public/homepage/homepage.component.ts:926:1 - error TS1185: Merge conflict marker encountered.

926 <<<<<<< HEAD
    ~~~~~~~


Error: src/app/components/public/homepage/homepage.component.ts:928:1 - error TS1185: Merge conflict marker encountered.

928 =======
    ~~~~~~~


Error: src/app/components/public/homepage/homepage.component.ts:930:1 - error TS1185: Merge conflict marker encountered.

930 >>>>>>> 48c8617abfac703cfee86dc386e31d8d24485172
    ~~~~~~~


Error: src/app/components/public/homepage/homepage.component.ts:981:1 - error TS1185: Merge conflict marker encountered.

981 <<<<<<< HEAD
    ~~~~~~~


Error: src/app/components/public/homepage/homepage.component.ts:983:1 - error TS1185: Merge conflict marker encountered.

983 =======
    ~~~~~~~


Error: src/app/components/public/homepage/homepage.component.ts:984:1 - error TS1185: Merge conflict marker encountered.

984 >>>>>>> 48c8617abfac703cfee86dc386e31d8d24485172
    ~~~~~~~


Error: src/app/components/public/homepage/homepage.component.ts:989:1 - error TS1185: Merge conflict marker encountered.

989 <<<<<<< HEAD
    ~~~~~~~


Error: src/app/components/public/homepage/homepage.component.ts:1006:1 - error TS1185: Merge conflict marker encountered.

1006 =======
     ~~~~~~~


Error: src/app/components/public/homepage/homepage.component.ts:1007:1 - error TS1185: Merge conflict marker encountered.

1007 >>>>>>> 48c8617abfac703cfee86dc386e31d8d24485172
     ~~~~~~~


Error: src/app/components/public/homepage/homepage.component.ts:1023:1 - error TS1185: Merge conflict marker encountered.

1023 <<<<<<< HEAD
     ~~~~~~~


Error: src/app/components/public/homepage/homepage.component.ts:1031:1 - error TS1185: Merge conflict marker encountered.

1031 =======
     ~~~~~~~


Error: src/app/components/public/homepage/homepage.component.ts:1079:1 - error TS1185: Merge conflict marker encountered.

1079 >>>>>>> 48c8617abfac703cfee86dc386e31d8d24485172
     ~~~~~~~


Error: src/app/components/shared/navigation/navigation.component.ts:11:1 - error TS1185: Merge conflict marker encountered.

11 <<<<<<< HEAD
   ~~~~~~~


Error: src/app/components/shared/navigation/navigation.component.ts:13:1 - error TS1185: Merge conflict marker encountered.

13 =======
   ~~~~~~~


Error: src/app/components/shared/navigation/navigation.component.ts:14:1 - error TS1185: Merge conflict marker encountered.

14 >>>>>>> 48c8617abfac703cfee86dc386e31d8d24485172
   ~~~~~~~


Error: src/app/components/shared/navigation/navigation.component.ts:66:11 - error NG5002: Opening tag "button" not terminated.

66           <button
             ~~~~~~~
67 <<<<<<< HEAD
   


Error: src/app/components/shared/navigation/navigation.component.ts:78:11 - error NG5002: Unexpected closing tag "button". It may happen when the tag has already been closed by another tag. For more info see https://www.w3.org/TR/html5/syntax.html#closing-elements-that-have-implied-end-tags

78           </button>
             ~~~~~~~~~


Error: src/app/components/shared/navigation/navigation.component.ts:119:11 - error NG5002: Unexpected closing tag "mat-menu". It may happen when the tag has already been closed by another tag. For more info see https://www.w3.org/TR/html5/syntax.html#closing-elements-that-have-implied-end-tags

119           </mat-menu>
              ~~~~~~~~~~~


Error: src/app/components/shared/navigation/navigation.component.ts:476:1 - error TS1185: Merge conflict marker encountered.

476 <<<<<<< HEAD
    ~~~~~~~


Error: src/app/components/shared/navigation/navigation.component.ts:478:1 - error TS1185: Merge conflict marker encountered.

478 =======
    ~~~~~~~


Error: src/app/components/shared/navigation/navigation.component.ts:479:1 - error TS1185: Merge conflict marker encountered.

479 >>>>>>> 48c8617abfac703cfee86dc386e31d8d24485172
    ~~~~~~~


Error: src/app/components/shared/navigation/navigation.component.ts:494:1 - error TS1185: Merge conflict marker encountered.

494 <<<<<<< HEAD
    ~~~~~~~


Error: src/app/components/shared/navigation/navigation.component.ts:500:1 - error TS1185: Merge conflict marker encountered.

500 =======
    ~~~~~~~


Error: src/app/components/shared/navigation/navigation.component.ts:501:1 - error TS1185: Merge conflict marker encountered.

501 >>>>>>> 48c8617abfac703cfee86dc386e31d8d24485172
    ~~~~~~~


Error: src/app/models/course.model.ts:8:1 - error TS1185: Merge conflict marker encountered.

8 <<<<<<< HEAD
  ~~~~~~~


Error: src/app/models/course.model.ts:37:1 - error TS1185: Merge conflict marker encountered.

37 =======
   ~~~~~~~


Error: src/app/models/course.model.ts:38:1 - error TS1185: Merge conflict marker encountered.

38 >>>>>>> 48c8617abfac703cfee86dc386e31d8d24485172
   ~~~~~~~


Error: src/app/services/course.service.ts:5:1 - error TS1185: Merge conflict marker encountered.

5 <<<<<<< HEAD
  ~~~~~~~


Error: src/app/services/course.service.ts:7:1 - error TS1185: Merge conflict marker encountered.

7 =======
  ~~~~~~~


Error: src/app/services/course.service.ts:9:1 - error TS1185: Merge conflict marker encountered.

9 >>>>>>> 48c8617abfac703cfee86dc386e31d8d24485172
  ~~~~~~~


Error: src/app/services/course.service.ts:16:1 - error TS1185: Merge conflict marker encountered.

16 <<<<<<< HEAD
   ~~~~~~~


Error: src/app/services/course.service.ts:18:1 - error TS1185: Merge conflict marker encountered.

18 =======
   ~~~~~~~


Error: src/app/services/course.service.ts:19:1 - error TS1185: Merge conflict marker encountered.

19 >>>>>>> 48c8617abfac703cfee86dc386e31d8d24485172
   ~~~~~~~


Error: src/app/services/course.service.ts:24:1 - error TS1185: Merge conflict marker encountered.

24 <<<<<<< HEAD
   ~~~~~~~


Error: src/app/services/course.service.ts:40:1 - error TS1185: Merge conflict marker encountered.

40 =======
   ~~~~~~~


Error: src/app/services/course.service.ts:42:1 - error TS1185: Merge conflict marker encountered.

42 >>>>>>> 48c8617abfac703cfee86dc386e31d8d24485172
   ~~~~~~~


Error: src/environments/environment.ts:3:1 - error TS1185: Merge conflict marker encountered.

3 <<<<<<< HEAD
  ~~~~~~~


Error: src/environments/environment.ts:5:1 - error TS1185: Merge conflict marker encountered.

5 =======
  ~~~~~~~


Error: src/environments/environment.ts:7:1 - error TS1185: Merge conflict marker encountered.

7 >>>>>>> 48c8617abfac703cfee86dc386e31d8d24485172
  ~~~~~~~


Error: src/main.ts:5:1 - error TS1185: Merge conflict marker encountered.

5 <<<<<<< HEAD
  ~~~~~~~


Error: src/main.ts:10:1 - error TS1185: Merge conflict marker encountered.

10 =======
   ~~~~~~~


Error: src/main.ts:14:1 - error TS1185: Merge conflict marker encountered.

14 >>>>>>> 48c8617abfac703cfee86dc386e31d8d24485172
   ~~~~~~~


Error: src/main.ts:26:1 - error TS1185: Merge conflict marker encountered.

26 <<<<<<< HEAD
   ~~~~~~~


Error: src/main.ts:28:1 - error TS1185: Merge conflict marker encountered.

28 =======
   ~~~~~~~


Error: src/main.ts:29:1 - error TS1185: Merge conflict marker encountered.

29 >>>>>>> 48c8617abfac703cfee86dc386e31d8d24485172
   ~~~~~~~



√ Browser application bundle generation complete.

Error: src/app/models/course.model.ts:8:1 - error TS1185: Merge conflict marker encountered.

8 <<<<<<< HEAD
  ~~~~~~~


Error: src/app/models/course.model.ts:37:1 - error TS1185: Merge conflict marker encountered.

37 =======
   ~~~~~~~


Error: src/app/models/course.model.ts:38:1 - error TS1185: Merge conflict marker encountered.

38 >>>>>>> 48c8617abfac703cfee86dc386e31d8d24485172
   ~~~~~~~


Error: src/app/services/course.service.ts:5:1 - error TS1185: Merge conflict marker encountered.

5 <<<<<<< HEAD
  ~~~~~~~


Error: src/app/services/course.service.ts:7:1 - error TS1185: Merge conflict marker encountered.

7 =======
  ~~~~~~~


Error: src/app/services/course.service.ts:9:1 - error TS1185: Merge conflict marker encountered.

9 >>>>>>> 48c8617abfac703cfee86dc386e31d8d24485172
  ~~~~~~~


Error: src/app/services/course.service.ts:16:1 - error TS1185: Merge conflict marker encountered.

16 <<<<<<< HEAD
   ~~~~~~~


Error: src/app/services/course.service.ts:18:1 - error TS1185: Merge conflict marker encountered.

18 =======
   ~~~~~~~


Error: src/app/services/course.service.ts:19:1 - error TS1185: Merge conflict marker encountered.

19 >>>>>>> 48c8617abfac703cfee86dc386e31d8d24485172
   ~~~~~~~


Error: src/app/services/course.service.ts:24:1 - error TS1185: Merge conflict marker encountered.

24 <<<<<<< HEAD
   ~~~~~~~


Error: src/app/services/course.service.ts:40:1 - error TS1185: Merge conflict marker encountered.

40 =======
   ~~~~~~~


Error: src/app/services/course.service.ts:42:1 - error TS1185: Merge conflict marker encountered.

42 >>>>>>> 48c8617abfac703cfee86dc386e31d8d24485172
   ~~~~~~~


Error: src/environments/environment.ts:3:1 - error TS1185: Merge conflict marker encountered.

3 <<<<<<< HEAD
  ~~~~~~~


Error: src/environments/environment.ts:5:1 - error TS1185: Merge conflict marker encountered.

5 =======
  ~~~~~~~


Error: src/environments/environment.ts:7:1 - error TS1185: Merge conflict marker encountered.

7 >>>>>>> 48c8617abfac703cfee86dc386e31d8d24485172
  ~~~~~~~


Error: src/main.ts:5:1 - error TS1185: Merge conflict marker encountered.

5 <<<<<<< HEAD
  ~~~~~~~


Error: src/main.ts:10:1 - error TS1185: Merge conflict marker encountered.

10 =======
   ~~~~~~~


Error: src/main.ts:14:1 - error TS1185: Merge conflict marker encountered.

14 >>>>>>> 48c8617abfac703cfee86dc386e31d8d24485172
   ~~~~~~~


Error: src/main.ts:26:1 - error TS1185: Merge conflict marker encountered.

26 <<<<<<< HEAD
   ~~~~~~~


Error: src/main.ts:28:1 - error TS1185: Merge conflict marker encountered.

28 =======
   ~~~~~~~


Error: src/main.ts:29:1 - error TS1185: Merge conflict marker encountered.

29 >>>>>>> 48c8617abfac703cfee86dc386e31d8d24485172
   ~~~~~~~



√ Browser application bundle generation complete.
